# 確定申告について初心者エンジニアに向けて

こんにちは。今回は、確定申告について初心者エンジニアに向けて、CFD取引の関係性について解説します。CFD（Contract for Difference）取引は、一般的な株式やFX取引とは異なる特徴を持ち、税制上の考慮事項や節税の方法も異なります。本記事では、CFD取引を行う際の税金の計算方法や確定申告のポイントに焦点を当てて解説していきます。

## CFD取引と確定申告の基本的な関係性と税制上の考慮事項

CFD取引は、株価や為替レートなどの価格変動に連動して利益や損失が発生する取引方法です。利益が出た場合は課税の対象となりますが、損失が出た場合も確定申告をすることでキャリーバックやキャリーフォワードなどの税制上の特典を活用することができます。

```python
# CFD取引における利益の税金計算シミュレーション
profit = 1000000  # 利益額（単位: 円）
tax_rate = 0.2  # 税率

tax_to_be_paid = profit * tax_rate
print("支払う税金：", tax_to_be_paid)
```

## CFD取引で得た利益の税金計算方法と申告手続きのポイント

CFD取引で得た利益の税金は、通常の所得税と同様に計算されます。確定申告の際には、確定申告書の所得欄にCFD取引で得た利益を記入し、該当する税金を計算して納付する必要があります。

```python
# CFD取引で得た利益の税金計算
profit = 500000  # 利益額（単位: 円）
tax_rate = 0.2  # 税率

tax_to_be_paid = profit * tax_rate
print("支払う税金：", tax_to_be_paid)
```

## CFD取引における損失の確定申告とキャリーバックの活用方法

CFD取引で損失を出した場合は、その損失を確定申告することでキャリーバックやキャリーフォワードといった制度を活用できます。これにより、過去の利益から得た税金の還付を受けることが可能です。

```python
# CFD取引で発生した損失の確定申告
loss = 200000  # 損失額（単位: 円）

# 損失のキャリーバック
refund_from_previous_year = 0  # 前年度の還付額（単位: 円）
total_loss = loss + refund_from_previous_year
print("還付額：", total_loss)
```

## CFD取引における税制上の特典と節税の方法

CFD取引には、他の投資方法と比較して税制上の特典があります。たとえば、短期売買で得た利益には課税されるが、CFD取引で得た利益は長期譲渡所得として扱われ、税率が低くなる場合があります。

```python
# CFD取引における税制上の特典を活用した節税シミュレーション
profit = 800000  # 利益額（単位: 円）
tax_rate_short_term = 0.3  # 短期譲渡所得税率
tax_rate_long_term = 0.2  # 長期譲渡所得税率

if profit >= 500000:
    tax_rate = tax_rate_long_term
else:
    tax_rate = tax_rate_short_term

tax_to_be_paid = profit * tax_rate
print("支払う税金：", tax_to_be_paid)
```

## CFD取引と他の投資方法との税金上の違いと申告上の留意点

CFD取引と他の投資方法との税金上の違いは、取引スタイルや税制上の取り扱いにあります。CFD取引は短期の利益にも長期の利益にも適用される税率が異なるため、確定申告をする際にはそれらの違いを理解して適切に処理することが重要です。

```python
# CFD取引と他の投資方法の税金上の違い
short_term_profit = 700000  # 短期利益額（単位: 円）
long_term_profit = 900000  # 長期利益額（単位: 円）
tax_rate_short_term = 0.3  # 短期譲渡所得税率
tax_rate_long_term = 0.2  # 長期譲渡所得税率

tax_to_be_paid = (short_term_profit * tax_rate_short_term) + (long_term_profit * tax_rate_long_term)
print("支払う税金：", tax_to_be_paid)
```

以上のように、CFD取引における確定申告や税務申告はその特性を理解し、適切に対応することが重要です。初心者エンジニアでもわかりやすく説明するために、上記のポイントを参考にしながら確定申告に取り組んでみてください。

参考記事:
- [CFD（差金決済取引）の税金のかからない取引時の利益は申告すべき？](https://www.taxfile.jp/52965.html)
- [【確定申告】FXやCFD取引での損失の計算方法は？キャリーバック制度の使い方！](https://toushin-cafe.com/tax-return/carry-back/)
